<?xml version="1.0" encoding="utf-8"?><testsuites><testsuite errors="0" failures="0" hostname="hermesci-Standard-PC-i440FX-PIIX-1996" name="pytest" skipped="0" tests="301" time="42.786" timestamp="2024-11-18T11:17:56.338743"><testcase classname="python.common.bit_array.unittest.test_bit_array_conversion.TestBitArrayConversion" file="python/common/bit_array/unittest/test_bit_array_conversion.py" line="10" name="test_unsigned_integer_conversion" time="0.001"></testcase><testcase classname="python.common.time_series_compression.unittest.test_time_series_compression.TestTimeSeriesCompression" file="python/common/time_series_compression/unittest/test_time_series_compression.py" line="15" name="test_invalid_decode" time="0.006"></testcase><testcase classname="python.common.bit_array.unittest.test_bit_array_conversion.TestBitArrayConversion" file="python/common/bit_array/unittest/test_bit_array_conversion.py" line="60" name="test_float_conversion" time="0.003"></testcase><testcase classname="python.common.time_series_compression.unittest.test_time_series_compression.TestTimeSeriesCompression" file="python/common/time_series_compression/unittest/test_time_series_compression.py" line="91" name="test_invalid_encode" time="0.004"></testcase><testcase classname="python.common.time_series_compression.unittest.test_time_series_compression.TestTimeSeriesCompression" file="python/common/time_series_compression/unittest/test_time_series_compression.py" line="180" name="test_equal_entries" time="0.007"></testcase><testcase classname="python.common.bit_array.unittest.test_bit_array_conversion.TestBitArrayConversion" file="python/common/bit_array/unittest/test_bit_array_conversion.py" line="35" name="test_integer_conversion" time="0.005"></testcase><testcase classname="python.common.time_series_compression.unittest.test_time_series_compression.TestTimeSeriesCompression" file="python/common/time_series_compression/unittest/test_time_series_compression.py" line="247" name="test_engine_data" time="0.012"></testcase><testcase classname="python.common.time_series_compression.unittest.test_time_series_compression.TestTimeSeriesCompression" file="python/common/time_series_compression/unittest/test_time_series_compression.py" line="362" name="test_ev_data" time="0.012"></testcase><testcase classname="python.common.time_series_compression.unittest.test_time_series_compression.TestTimeSeriesCompression" file="python/common/time_series_compression/unittest/test_time_series_compression.py" line="145" name="test_encode_single_item" time="0.006"></testcase><testcase classname="python.common.time_series_compression2.unittest.test_time_series_compression2.TestTimeSeriesCompression" file="python/common/time_series_compression2/unittest/test_time_series_compression2.py" line="19" name="test_invalid_decode" time="0.009"></testcase><testcase classname="python.common.time_series_compression2.unittest.test_time_series_compression2.TestTimeSeriesCompression" file="python/common/time_series_compression2/unittest/test_time_series_compression2.py" line="95" name="test_invalid_encode" time="0.005"></testcase><testcase classname="python.common.time_series_compression2.unittest.test_time_series_compression2.TestTimeSeriesCompression" file="python/common/time_series_compression2/unittest/test_time_series_compression2.py" line="149" name="test_encode_single_item" time="0.014"></testcase><testcase classname="python.common.time_series_compression.unittest.test_time_series_compression.TestTimeSeriesCompression" file="python/common/time_series_compression/unittest/test_time_series_compression.py" line="445" name="test_varied" time="0.020"></testcase><testcase classname="python.common.time_series_compression2.unittest.test_time_series_compression2.TestTimeSeriesCompression" file="python/common/time_series_compression2/unittest/test_time_series_compression2.py" line="251" name="test_engine_data" time="0.011"></testcase><testcase classname="python.common.time_series_compression2.unittest.test_time_series_compression2.TestTimeSeriesCompression" file="python/common/time_series_compression2/unittest/test_time_series_compression2.py" line="368" name="test_ev_data" time="0.008"></testcase><testcase classname="python.common.time_series_compression2.unittest.test_time_series_compression2.TestTimeSeriesCompression" file="python/common/time_series_compression2/unittest/test_time_series_compression2.py" line="451" name="test_varied" time="0.010"></testcase><testcase classname="python.common.unittest.test_advanced_sleep.TestAdvancedSleep" file="python/common/unittest/test_advanced_sleep.py" line="18" name="test_sleep_limited_to_end" time="0.502"></testcase><testcase classname="python.common.unittest.test_advanced_sleep.TestAdvancedSleep" file="python/common/unittest/test_advanced_sleep.py" line="10" name="test_sleep_limited" time="0.504"></testcase><testcase classname="python.common.time_series_compression2.unittest.test_time_series_compression2.TestTimeSeriesCompression" file="python/common/time_series_compression2/unittest/test_time_series_compression2.py" line="184" name="test_equal_entries" time="0.005"></testcase><testcase classname="python.common.unittest.test_advanced_sleep.TestAdvancedSleep" file="python/common/unittest/test_advanced_sleep.py" line="26" name="test_periodic_sleep" time="1.001"></testcase><testcase classname="python.common.time_series_compression2.unittest.test_time_series_compression2.TestTimeSeriesCompression" file="python/common/time_series_compression2/unittest/test_time_series_compression2.py" line="698" name="test_all_fields" time="0.013"></testcase><testcase classname="python.common.unittest.test_advanced_sleep.TestAdvancedSleep" file="python/common/unittest/test_advanced_sleep.py" line="45" name="test_periodic_sleep_until" time="1.002"></testcase><testcase classname="python.common.unittest.test_breadcrumb.TestBreadcrumb" file="python/common/unittest/test_breadcrumb.py" line="42" name="test_negative_decode" time="0.012"></testcase><testcase classname="python.common.unittest.test_breadcrumb.TestBreadcrumb" file="python/common/unittest/test_breadcrumb.py" line="12" name="test_decode" time="0.006"></testcase><testcase classname="python.common.unittest.test_correlation.TestCorrelation" file="python/common/unittest/test_correlation.py" line="47" name="test_repeat_correlation" time="0.001"></testcase><testcase classname="python.common.unittest.test_correlation.TestCorrelation" file="python/common/unittest/test_correlation.py" line="64" name="test_null_correlation" time="0.002"></testcase><testcase classname="python.common.unittest.test_geography.TestGeography" file="python/common/unittest/test_geography.py" line="10" name="test_distance_travelled" time="0.005"></testcase><testcase classname="python.common.unittest.test_geography.TestGeography" file="python/common/unittest/test_geography.py" line="40" name="test_distance_to_arc" time="0.005"></testcase><testcase classname="python.common.unittest.test_gnss_path_comparison.TestPathComparison" file="python/common/unittest/test_gnss_path_comparison.py" line="13" name="test_breadcrumbs" time="0.041"></testcase><testcase classname="python.common.unittest.test_gnss_path_comparison.TestPathComparison" file="python/common/unittest/test_gnss_path_comparison.py" line="67" name="test_points" time="0.004"></testcase><testcase classname="python.common.unittest.test_print_format.TestPrintFormat" file="python/common/unittest/test_print_format.py" line="16" name="test_foreground" time="0.001"></testcase><testcase classname="python.common.unittest.test_print_format.TestPrintFormat" file="python/common/unittest/test_print_format.py" line="40" name="test_case" time="0.002"></testcase><testcase classname="python.common.unittest.test_sequence_generator.TestSequenceGenerator" file="python/common/unittest/test_sequence_generator.py" line="50" name="test_generate_sequence" time="0.005"></testcase><testcase classname="python.common.unittest.test_singleton.TestSingleton" file="python/common/unittest/test_singleton.py" line="28" name="test_singleton_creation_instance_only_with_parameters" time="0.001"></testcase><testcase classname="python.common.unittest.test_singleton.TestSingleton" file="python/common/unittest/test_singleton.py" line="83" name="test_singleton_destroy" time="0.001"></testcase><testcase classname="python.common.unittest.test_type_fields.TestTypeFields" file="python/common/unittest/test_type_fields.py" line="48" name="test_serialise_big_endian" time="0.001"></testcase><testcase classname="python.comms.unittest.test_forwarding_server_tcp_client.TestForwardingServerTcpClient" file="python/comms/unittest/test_forwarding_server_tcp_client.py" line="28" name="test_send_before_setting_routing_key" time="0.001"></testcase><testcase classname="python.comms.unittest.test_forwarding_server_tcp_client.TestForwardingServerTcpClient" file="python/comms/unittest/test_forwarding_server_tcp_client.py" line="97" name="test_receive_unsupported_command_address" time="0.003"></testcase><testcase classname="python.comms.unittest.test_serial_port.TestSerialPort" file="python/comms/unittest/test_serial_port.py" line="29" name="test_send" time="0.007"></testcase><testcase classname="python.common.unittest.test_print_format.TestPrintFormat" file="python/common/unittest/test_print_format.py" line="10" name="test_no_parameters" time="0.001"></testcase><testcase classname="python.common.unittest.test_print_format.TestPrintFormat" file="python/common/unittest/test_print_format.py" line="34" name="test_combination" time="0.001"></testcase><testcase classname="python.common.unittest.test_sequence_generator.TestSequenceGenerator" file="python/common/unittest/test_sequence_generator.py" line="20" name="test_seed" time="0.008"></testcase><testcase classname="python.common.unittest.test_singleton.TestSingleton" file="python/common/unittest/test_singleton.py" line="9" name="test_singleton_creation" time="0.001"></testcase><testcase classname="python.devices.unittest.test_daq.TestDaq" file="python/devices/unittest/test_daq.py" line="76" name="test_daq_relay" time="0.047"></testcase><testcase classname="python.common.unittest.test_singleton.TestSingleton" file="python/common/unittest/test_singleton.py" line="72" name="test_singleton_second_init_no_parameters" time="0.001"></testcase><testcase classname="python.common.unittest.test_type_fields.TestTypeFields" file="python/common/unittest/test_type_fields.py" line="21" name="test_serialise_little_endian" time="0.000"></testcase><testcase classname="python.comms.unittest.test_forwarding_server_tcp_client.TestForwardingServerTcpClient" file="python/comms/unittest/test_forwarding_server_tcp_client.py" line="16" name="test_init_and_close" time="0.001"></testcase><testcase classname="python.comms.unittest.test_forwarding_server_tcp_client.TestForwardingServerTcpClient" file="python/comms/unittest/test_forwarding_server_tcp_client.py" line="77" name="test_receive_from_invalid_address" time="0.001"></testcase><testcase classname="python.comms.unittest.test_serial_port.TestSerialPort" file="python/comms/unittest/test_serial_port.py" line="13" name="test_init_close" time="0.008"></testcase><testcase classname="python.control.unittest.test_ignition_control.TestIgnitionControl" file="python/control/unittest/test_ignition_control.py" line="17" name="test_ignition_off" time="0.001"></testcase><testcase classname="python.control.unittest.test_ignition_control.TestIgnitionControl" file="python/control/unittest/test_ignition_control.py" line="25" name="test_ignition_tamper" time="0.001"></testcase><testcase classname="python.control.unittest.test_ignition_control_simulated.TestIgnitionControl" file="python/control/unittest/test_ignition_control_simulated.py" line="12" name="test_ignition_on" time="0.004"></testcase><testcase classname="python.control.unittest.test_ignition_control_simulated.TestIgnitionControl" file="python/control/unittest/test_ignition_control_simulated.py" line="26" name="test_ignition_off" time="0.002"></testcase><testcase classname="python.control.unittest.test_ignition_control_simulated.TestIgnitionControl" file="python/control/unittest/test_ignition_control_simulated.py" line="40" name="test_ignition_tamper" time="0.001"></testcase><testcase classname="python.devices.unittest.test_daq.TestDaq" file="python/devices/unittest/test_daq.py" line="93" name="test_daq_gpio" time="0.033"></testcase><testcase classname="python.control.unittest.test_target_environment_simulated.TestTargetEnvironmentSimulated" file="python/control/unittest/test_target_environment_simulated.py" line="31" name="test_playback" time="2.008"></testcase><testcase classname="python.devices.unittest.test_daq.TestDaq" file="python/devices/unittest/test_daq.py" line="116" name="test_daq_dac" time="0.102"></testcase><testcase classname="python.devices.unittest.test_daq.TestDaq" file="python/devices/unittest/test_daq.py" line="133" name="test_daq_adc" time="0.127"></testcase><testcase classname="python.devices.unittest.test_digital_multimeter.TestDigitalMultimeter" file="python/devices/unittest/test_digital_multimeter.py" line="52" name="test_digital_multimeter_supply_init_and_close" time="0.088"></testcase><testcase classname="python.common.unittest.test_correlation.TestCorrelation" file="python/common/unittest/test_correlation.py" line="8" name="test_basic_cross_correlation" time="0.001"></testcase><testcase classname="python.common.unittest.test_geofence.TestGeofence" file="python/common/unittest/test_geofence.py" line="9" name="test_smdp_configuration_encode" time="0.001"></testcase><testcase classname="python.common.unittest.test_git.TestGit" file="python/common/unittest/test_git.py" line="10" name="test_get_status_var1" time="0.001"></testcase><testcase classname="python.common.unittest.test_json_helper.TestTypeFields" file="python/common/unittest/test_json_helper.py" line="28" name="test_json_converter" time="0.006"></testcase><testcase classname="python.common.unittest.test_print_format.TestPrintFormat" file="python/common/unittest/test_print_format.py" line="22" name="test_background" time="0.001"></testcase><testcase classname="python.common.unittest.test_print_format.TestPrintFormat" file="python/common/unittest/test_print_format.py" line="46" name="test_invalid_options" time="0.001"></testcase><testcase classname="python.common.unittest.test_correlation.TestCorrelation" file="python/common/unittest/test_correlation.py" line="30" name="test_approximate_correlation" time="0.001"></testcase><testcase classname="python.common.unittest.test_sequence_generator.TestSequenceGenerator" file="python/common/unittest/test_sequence_generator.py" line="88" name="test_generate_float" time="0.231"></testcase><testcase classname="python.common.unittest.test_geofence.TestGeofence" file="python/common/unittest/test_geofence.py" line="49" name="test_smdp_query_response_decode" time="0.001"></testcase><testcase classname="python.common.unittest.test_git.TestGit" file="python/common/unittest/test_git.py" line="33" name="test_get_status_var2" time="0.001"></testcase><testcase classname="python.common.unittest.test_make_version.TestMakeVersion" file="python/common/unittest/test_make_version.py" line="10" name="test_get_file_version_string" time="0.001"></testcase><testcase classname="python.common.unittest.test_print_format.TestPrintFormat" file="python/common/unittest/test_print_format.py" line="28" name="test_style" time="0.001"></testcase><testcase classname="python.common.unittest.test_scheduler.TestScheduler" file="python/common/unittest/test_scheduler.py" line="48" name="test_scheduler" time="2.254"></testcase><testcase classname="python.devices.unittest.test_digital_multimeter.TestDigitalMultimeter" file="python/devices/unittest/test_digital_multimeter.py" line="58" name="test_digital_multimeter_current_channel" time="0.036"></testcase><testcase classname="python.devices.unittest.test_digital_multimeter.TestDigitalMultimeter" file="python/devices/unittest/test_digital_multimeter.py" line="72" name="test_digital_multimeter_voltage_channel" time="0.149"></testcase><testcase classname="python.common.unittest.test_singleton.TestSingleton" file="python/common/unittest/test_singleton.py" line="45" name="test_singleton_creation_instance_only" time="0.001"></testcase><testcase classname="python.common.unittest.test_singleton.TestSingleton" file="python/common/unittest/test_singleton.py" line="109" name="test_singleton_inheritance" time="0.001"></testcase><testcase classname="python.common.unittest.test_type_fields.TestTypeFields" file="python/common/unittest/test_type_fields.py" line="75" name="test_deserialise_little_endian" time="0.001"></testcase><testcase classname="python.devices.unittest.test_digital_multimeter.TestDigitalMultimeter" file="python/devices/unittest/test_digital_multimeter.py" line="86" name="test_digital_multimeter_functions" time="0.033"></testcase><testcase classname="python.comms.unittest.test_forwarding_server_tcp_client.TestForwardingServerTcpClient" file="python/comms/unittest/test_forwarding_server_tcp_client.py" line="37" name="test_send_wrapped_packet" time="0.003"></testcase><testcase classname="python.comms.unittest.test_mqtt_client.TestMqttClient" file="python/comms/unittest/test_mqtt_client.py" line="15" name="test_init_close" time="0.003"></testcase><testcase classname="python.comms.unittest.test_serial_port.TestSerialPort" file="python/comms/unittest/test_serial_port.py" line="41" name="test_receive" time="0.803"></testcase><testcase classname="python.devices.unittest.test_jtag.TestJtag" file="python/devices/unittest/test_jtag.py" line="9" name="test_program" time="0.037"></testcase><testcase classname="python.devices.unittest.test_named_channel.TestNamedChannel" file="python/devices/unittest/test_named_channel.py" line="13" name="test_get_named_channel" time="0.062"></testcase><testcase classname="python.devices.unittest.test_power_supply.TestPowerSupply" file="python/devices/unittest/test_power_supply.py" line="45" name="test_power_supply_init_and_close" time="0.202"></testcase><testcase classname="python.devices.unittest.test_power_supply.TestPowerSupply" file="python/devices/unittest/test_power_supply.py" line="51" name="test_power_supply_channel" time="0.047"></testcase><testcase classname="python.devices.unittest.test_power_supply.TestPowerSupply" file="python/devices/unittest/test_power_supply.py" line="73" name="test_power_supply_channel_mapping" time="0.032"></testcase><testcase classname="python.devices.unittest.test_power_supply.TestPowerSupply" file="python/devices/unittest/test_power_supply.py" line="114" name="test_power_supply_functions" time="0.093"></testcase><testcase classname="python.protocol.iap.packets.iap_records.unittest.test_speed_record.TestSpeedRecord" file="python/protocol/iap/packets/iap_records/unittest/test_speed_record.py" line="31" name="test_packet_from_bytes" time="0.194"></testcase><testcase classname="python.protocol.iap.packets.iap_records.unittest.test_speed_record.TestSpeedRecord" file="python/protocol/iap/packets/iap_records/unittest/test_speed_record.py" line="62" name="test_packet_from_invalid_bytes" time="0.072"></testcase><testcase classname="python.forwarding_server.unittest.test_forwarding_server.TestForwardingServer" file="python/forwarding_server/unittest/test_forwarding_server.py" line="379" name="test_routing_table_cleanup" time="0.002"></testcase><testcase classname="python.forwarding_server.unittest.test_forwarding_server.TestForwardingServer" file="python/forwarding_server/unittest/test_forwarding_server.py" line="414" name="test_multiple_routing_tables" time="0.002"></testcase><testcase classname="python.forwarding_server.unittest.test_forwarding_server.TestForwardingServer" file="python/forwarding_server/unittest/test_forwarding_server.py" line="442" name="test_routing_table_target_update" time="0.004"></testcase><testcase classname="python.protocol.iap.packets.unittest.test_adm_packet.TestAdmPacket" file="python/protocol/iap/packets/unittest/test_adm_packet.py" line="8" name="test_packet_fields" time="0.059"></testcase><testcase classname="python.forwarding_server.unittest.test_forwarding_server.TestForwardingServer" file="python/forwarding_server/unittest/test_forwarding_server.py" line="469" name="test_iap_forwarding" time="0.002"></testcase><testcase classname="python.forwarding_server.unittest.test_forwarding_server.TestForwardingServer" file="python/forwarding_server/unittest/test_forwarding_server.py" line="529" name="test_iap_no_initial_packet_with_ivu_id" time="0.001"></testcase><testcase classname="python.forwarding_server.unittest.test_forwarding_server.TestForwardingServer" file="python/forwarding_server/unittest/test_forwarding_server.py" line="545" name="test_edr1_forwarding" time="0.002"></testcase><testcase classname="python.forwarding_server.unittest.test_forwarding_server.TestForwardingServer" file="python/forwarding_server/unittest/test_forwarding_server.py" line="585" name="test_edr1_no_initial_packet_with_imei" time="0.001"></testcase><testcase classname="python.forwarding_server.unittest.test_forwarding_server.TestForwardingServer" file="python/forwarding_server/unittest/test_forwarding_server.py" line="597" name="test_tachosys_forwarding" time="0.002"></testcase><testcase classname="python.forwarding_server.unittest.test_forwarding_server.TestForwardingServer" file="python/forwarding_server/unittest/test_forwarding_server.py" line="636" name="test_tachosys_no_d9_packet" time="0.001"></testcase><testcase classname="python.protocol.edr1.unittest.test_edr1_server_protocol.TestEdr1Protocol" file="python/protocol/edr1/unittest/test_edr1_server_protocol.py" line="11" name="test_send" time="0.002"></testcase><testcase classname="python.protocol.edr1.unittest.test_edr1_server_protocol.TestEdr1Protocol" file="python/protocol/edr1/unittest/test_edr1_server_protocol.py" line="26" name="test_receive" time="0.001"></testcase><testcase classname="python.protocol.edr1.unittest.test_edr1_server_protocol.TestEdr1Protocol" file="python/protocol/edr1/unittest/test_edr1_server_protocol.py" line="39" name="test_receive_buffer" time="0.051"></testcase><testcase classname="python.protocol.iap.packets.unittest.test_adm_packet.TestAdmPacket" file="python/protocol/iap/packets/unittest/test_adm_packet.py" line="19" name="test_packet_from_bytes" time="0.016"></testcase><testcase classname="python.protocol.iap.packets.iap_records.unittest.test_alarm_record.TestAlarmRecord" file="python/protocol/iap/packets/iap_records/unittest/test_alarm_record.py" line="9" name="test_packet_fields" time="0.000"></testcase><testcase classname="python.protocol.iap.packets.unittest.test_vt_packet.TestVtPacket" file="python/protocol/iap/packets/unittest/test_vt_packet.py" line="68" name="test_packet_from_invalid_bytes" time="0.001"></testcase><testcase classname="python.protocol.iap.packets.unittest.test_adm_packet.TestAdmPacket" file="python/protocol/iap/packets/unittest/test_adm_packet.py" line="33" name="test_packet_from_invalid_bytes" time="0.027"></testcase><testcase classname="python.protocol.iap.unittest.test_iap_protocol.TestIapProtocol" file="python/protocol/iap/unittest/test_iap_protocol.py" line="103" name="test_receive_callback_registered" time="0.002"></testcase><testcase classname="python.protocol.iap.unittest.test_iap_protocol.TestIapProtocol" file="python/protocol/iap/unittest/test_iap_protocol.py" line="107" name="test_receive_packet" time="0.002"></testcase><testcase classname="python.protocol.iap.unittest.test_iap_protocol.TestIapProtocol" file="python/protocol/iap/unittest/test_iap_protocol.py" line="122" name="test_receive_stream" time="1.108"></testcase><testcase classname="python.protocol.iap.packets.unittest.test_iap_packet.TestIapPacket" file="python/protocol/iap/packets/unittest/test_iap_packet.py" line="9" name="test_packet_fields" time="0.062"></testcase><testcase classname="python.protocol.iap.packets.unittest.test_iap_packet.TestIapPacket" file="python/protocol/iap/packets/unittest/test_iap_packet.py" line="30" name="test_packet_from_bytes" time="0.222"></testcase><testcase classname="python.protocol.iap.packets.unittest.test_iap_packet.TestIapPacket" file="python/protocol/iap/packets/unittest/test_iap_packet.py" line="61" name="test_packet_from_invalid_bytes" time="0.093"></testcase><testcase classname="python.control.unittest.test_target_power.TestTargetPowerControl" file="python/control/unittest/test_target_power.py" line="31" name="test_target_power_mapping" time="3.164"></testcase><testcase classname="python.protocol.iap.packets.unittest.test_vt_packet.TestGnssSubPacket" file="python/protocol/iap/packets/unittest/test_vt_packet.py" line="9" name="test_packet_fields" time="0.097"></testcase><testcase classname="python.protocol.iap.packets.unittest.test_vt_packet.TestVtPacket" file="python/protocol/iap/packets/unittest/test_vt_packet.py" line="24" name="test_packet_fields" time="0.072"></testcase><testcase classname="python.protocol.iap.packets.unittest.test_vt_packet.TestVtPacket" file="python/protocol/iap/packets/unittest/test_vt_packet.py" line="43" name="test_packet_from_bytes" time="0.080"></testcase><testcase classname="python.protocol.iap.unittest.test_iap_protocol.TestIapProtocol" file="python/protocol/iap/unittest/test_iap_protocol.py" line="239" name="test_send_raw_packet" time="0.143"></testcase><testcase classname="python.protocol.iap.unittest.test_iap_protocol.TestIapProtocol" file="python/protocol/iap/unittest/test_iap_protocol.py" line="244" name="test_send_raw_empty_packet" time="0.228"></testcase><testcase classname="python.protocol.iap.unittest.test_iap_protocol.TestIapProtocol" file="python/protocol/iap/unittest/test_iap_protocol.py" line="149" name="test_receive_multiple_stream" time="0.003"></testcase><testcase classname="python.protocol.iap.unittest.test_iap_protocol.TestIapProtocol" file="python/protocol/iap/unittest/test_iap_protocol.py" line="165" name="test_receive_ignore_duplicate" time="0.104"></testcase><testcase classname="python.common.unittest.test_sequence_generator.TestSequenceGenerator" file="python/common/unittest/test_sequence_generator.py" line="99" name="test_generate_int" time="0.027"></testcase><testcase classname="python.protocol.iap.unittest.test_iap_protocol.TestIapProtocol" file="python/protocol/iap/unittest/test_iap_protocol.py" line="249" name="test_send_different_formats" time="0.090"></testcase><testcase classname="python.common.unittest.test_singleton.TestSingleton" file="python/common/unittest/test_singleton.py" line="55" name="test_singleton_second_init_parameters" time="0.001"></testcase><testcase classname="python.common.unittest.test_stdout_logger.TestStdoutLogger" file="python/common/unittest/test_stdout_logger.py" line="11" name="test_stdout_logger" time="0.001"></testcase><testcase classname="python.common.unittest.test_type_fields.TestTypeFields" file="python/common/unittest/test_type_fields.py" line="115" name="test_deserialise_big_endian" time="0.001"></testcase><testcase classname="python.comms.unittest.test_forwarding_server_tcp_client.TestForwardingServerTcpClient" file="python/comms/unittest/test_forwarding_server_tcp_client.py" line="56" name="test_receive_wrapped_packet" time="0.002"></testcase><testcase classname="python.comms.unittest.test_mqtt_client.TestMqttClient" file="python/comms/unittest/test_mqtt_client.py" line="39" name="test_send_receive" time="0.002"></testcase><testcase classname="python.control.unittest.test_ignition_control.TestIgnitionControl" file="python/control/unittest/test_ignition_control.py" line="9" name="test_ignition_on" time="0.002"></testcase><testcase classname="python.protocol.iap.packets.iap_records.unittest.test_alarm_record.TestAlarmRecord" file="python/protocol/iap/packets/iap_records/unittest/test_alarm_record.py" line="15" name="test_packet_from_bytes" time="0.001"></testcase><testcase classname="python.protocol.iap.packets.iap_records.unittest.test_alarm_record.TestAlarmRecord" file="python/protocol/iap/packets/iap_records/unittest/test_alarm_record.py" line="26" name="test_packet_from_invalid_bytes" time="0.001"></testcase><testcase classname="python.protocol.iap.packets.iap_records.unittest.test_communication_record.TestCommunicationRecord" file="python/protocol/iap/packets/iap_records/unittest/test_communication_record.py" line="9" name="test_packet_fields" time="0.001"></testcase><testcase classname="python.protocol.iap.packets.iap_records.unittest.test_communication_record.TestCommunicationRecord" file="python/protocol/iap/packets/iap_records/unittest/test_communication_record.py" line="20" name="test_packet_from_bytes" time="0.001"></testcase><testcase classname="python.protocol.iap.packets.iap_records.unittest.test_communication_record.TestCommunicationRecord" file="python/protocol/iap/packets/iap_records/unittest/test_communication_record.py" line="46" name="test_packet_from_invalid_bytes" time="0.001"></testcase><testcase classname="python.protocol.iap.packets.iap_records.unittest.test_position_record.TestPositionRecord" file="python/protocol/iap/packets/iap_records/unittest/test_position_record.py" line="9" name="test_packet_fields" time="0.001"></testcase><testcase classname="python.protocol.iap.packets.iap_records.unittest.test_position_record.TestPositionRecord" file="python/protocol/iap/packets/iap_records/unittest/test_position_record.py" line="67" name="test_packet_from_bytes" time="0.001"></testcase><testcase classname="python.protocol.iap.packets.iap_records.unittest.test_position_record.TestPositionRecord" file="python/protocol/iap/packets/iap_records/unittest/test_position_record.py" line="110" name="test_packet_from_invalid_bytes" time="0.001"></testcase><testcase classname="python.protocol.iap.packets.iap_records.unittest.test_speed_event_record.TestSpeedEventRecord" file="python/protocol/iap/packets/iap_records/unittest/test_speed_event_record.py" line="9" name="test_packet_fields" time="0.001"></testcase><testcase classname="python.protocol.iap.packets.iap_records.unittest.test_speed_event_record.TestSpeedEventRecord" file="python/protocol/iap/packets/iap_records/unittest/test_speed_event_record.py" line="22" name="test_packet_from_bytes" time="0.001"></testcase><testcase classname="python.protocol.iap.packets.iap_records.unittest.test_speed_event_record.TestSpeedEventRecord" file="python/protocol/iap/packets/iap_records/unittest/test_speed_event_record.py" line="36" name="test_packet_from_invalid_bytes" time="0.001"></testcase><testcase classname="python.protocol.iap.packets.iap_records.unittest.test_speed_record.TestSpeedRecord" file="python/protocol/iap/packets/iap_records/unittest/test_speed_record.py" line="9" name="test_packet_fields" time="0.001"></testcase><testcase classname="python.protocol.iridium_satellite.unittest.test_iridium_satellite_protocol.TestSatelliteProtocol" file="python/protocol/iridium_satellite/unittest/test_iridium_satellite_protocol.py" line="147" name="test_suppress_auto_response_single" time="5.005"></testcase><testcase classname="python.protocol.iap.unittest.test_iap_protocol.TestIapProtocol" file="python/protocol/iap/unittest/test_iap_protocol.py" line="267" name="test_send_with_auto_line_termination" time="0.079"></testcase><testcase classname="python.protocol.iap.unittest.test_iap_protocol.TestIapProtocol" file="python/protocol/iap/unittest/test_iap_protocol.py" line="179" name="test_receive_garbage_stream" time="0.004"></testcase><testcase classname="python.protocol.iap.unittest.test_iap_protocol.TestIapProtocol" file="python/protocol/iap/unittest/test_iap_protocol.py" line="186" name="test_receive_stream_with_start_packet_chars" time="0.003"></testcase><testcase classname="python.protocol.iap.unittest.test_iap_protocol.TestIapProtocol" file="python/protocol/iap/unittest/test_iap_protocol.py" line="193" name="test_receive_incomplete_stream" time="0.203"></testcase><testcase classname="python.protocol.iap.unittest.test_iap_protocol.TestIapProtocol" file="python/protocol/iap/unittest/test_iap_protocol.py" line="283" name="test_auto_ack" time="0.074"></testcase><testcase classname="python.protocol.iap.unittest.test_iap_protocol.TestIapProtocol" file="python/protocol/iap/unittest/test_iap_protocol.py" line="304" name="test_auto_ack_record_num_wrap_around" time="0.044"></testcase><testcase classname="python.protocol.iap.unittest.test_iap_protocol.TestIapProtocol" file="python/protocol/iap/unittest/test_iap_protocol.py" line="344" name="test_disable_auto_ack" time="0.048"></testcase><testcase classname="python.protocol.iap.unittest.test_iap_protocol.TestIapProtocol" file="python/protocol/iap/unittest/test_iap_protocol.py" line="202" name="test_receive_filtered" time="2.015"></testcase><testcase classname="python.protocol.iridium_satellite.unittest.test_iridium_satellite_packet.TestIridiumSatellitePacket" file="python/protocol/iridium_satellite/unittest/test_iridium_satellite_packet.py" line="8" name="test_satellite_packet" time="0.104"></testcase><testcase classname="python.protocol.iridium_satellite.unittest.test_iridium_satellite_packet.TestIridiumSatellitePacket" file="python/protocol/iridium_satellite/unittest/test_iridium_satellite_packet.py" line="13" name="test_satellite_from_bytes" time="0.066"></testcase><testcase classname="python.protocol.iridium_satellite.unittest.test_iridium_satellite_packet.TestIridiumSatellitePacket" file="python/protocol/iridium_satellite/unittest/test_iridium_satellite_packet.py" line="19" name="test_smdp_packet_from_invalid_bytes" time="0.068"></testcase><testcase classname="python.protocol.smdp.unittest.test_smdp_packet.TestSmdpPacket" file="python/protocol/smdp/unittest/test_smdp_packet.py" line="108" name="test_invalid_packet_from_bytes" time="0.001"></testcase><testcase classname="python.protocol.smdp.unittest.test_smdp_packet.TestSmdpPacket" file="python/protocol/smdp/unittest/test_smdp_packet.py" line="114" name="test_parse_smdp_packet" time="0.007"></testcase><testcase classname="python.protocol.smdp.unittest.test_smdp_packet.TestSmdpPacket" file="python/protocol/smdp/unittest/test_smdp_packet.py" line="124" name="test_packet_de_escaping" time="0.001"></testcase><testcase classname="python.protocol.smdp.unittest.test_smdp_packet.TestSmdpPacket" file="python/protocol/smdp/unittest/test_smdp_packet.py" line="136" name="test_packet_escaping" time="0.226"></testcase><testcase classname="python.protocol.smdp.unittest.test_smdp_protocol.TestSmdpProtocol" file="python/protocol/smdp/unittest/test_smdp_protocol.py" line="84" name="test_suppress_auto_ack" time="0.194"></testcase><testcase classname="python.protocol.smdp.unittest.test_smdp_protocol.TestSmdpProtocol" file="python/protocol/smdp/unittest/test_smdp_protocol.py" line="100" name="test_clear_auto_ack_suppressions" time="0.301"></testcase><testcase classname="python.protocol.smdp.unittest.test_smdp_protocol.TestSmdpProtocol" file="python/protocol/smdp/unittest/test_smdp_protocol.py" line="120" name="test_receive_callback_registered" time="0.496"></testcase><testcase classname="python.protocol.smdp.unittest.test_smdp_protocol.TestSmdpProtocol" file="python/protocol/smdp/unittest/test_smdp_protocol.py" line="124" name="test_receive_packet" time="0.096"></testcase><testcase classname="python.protocol.smdp.unittest.test_smdp_protocol.TestSmdpProtocol" file="python/protocol/smdp/unittest/test_smdp_protocol.py" line="131" name="test_auto_ack" time="0.084"></testcase><testcase classname="python.protocol.smdp.unittest.test_smdp_protocol.TestSmdpProtocol" file="python/protocol/smdp/unittest/test_smdp_protocol.py" line="148" name="test_shared_receive" time="0.195"></testcase><testcase classname="python.protocol.iridium_satellite.unittest.test_iridium_satellite_protocol.TestSatelliteProtocol" file="python/protocol/iridium_satellite/unittest/test_iridium_satellite_protocol.py" line="59" name="test_receive_callback_registered" time="0.002"></testcase><testcase classname="python.protocol.iridium_satellite.unittest.test_iridium_satellite_protocol.TestSatelliteProtocol" file="python/protocol/iridium_satellite/unittest/test_iridium_satellite_protocol.py" line="63" name="test_receive_packet" time="0.001"></testcase><testcase classname="python.protocol.iridium_satellite.unittest.test_iridium_satellite_protocol.TestSatelliteProtocol" file="python/protocol/iridium_satellite/unittest/test_iridium_satellite_protocol.py" line="69" name="test_receive_stream" time="0.002"></testcase><testcase classname="python.protocol.iridium_satellite.unittest.test_iridium_satellite_protocol.TestSatelliteProtocol" file="python/protocol/iridium_satellite/unittest/test_iridium_satellite_protocol.py" line="80" name="test_receive_stream_with_payload" time="0.104"></testcase><testcase classname="python.protocol.iridium_satellite.unittest.test_iridium_satellite_protocol.TestSatelliteProtocol" file="python/protocol/iridium_satellite/unittest/test_iridium_satellite_protocol.py" line="102" name="test_receive_garbage_stream" time="0.204"></testcase><testcase classname="python.protocol.smdp.unittest.test_smdp_protocol.TestSmdpProtocol" file="python/protocol/smdp/unittest/test_smdp_protocol.py" line="154" name="test_multiple_callbacks" time="0.072"></testcase><testcase classname="python.control.unittest.test_target_programming.TestTargetProgramming" file="python/control/unittest/test_target_programming.py" line="9" name="test_target_programming_mapping" time="0.002"></testcase><testcase classname="python.control.unittest.test_target_smdp.TestTargetSmdp" file="python/control/unittest/test_target_smdp.py" line="10" name="test_all_interfaces_available" time="0.001"></testcase><testcase classname="python.control.unittest.test_target_smdp.TestTargetSmdp" file="python/control/unittest/test_target_smdp.py" line="22" name="test_fallback_interface" time="0.001"></testcase><testcase classname="python.control.unittest.test_target_smdp.TestTargetSmdp" file="python/control/unittest/test_target_smdp.py" line="31" name="test_request_invalid_interface" time="0.001"></testcase><testcase classname="python.control.unittest.test_target_smdp.TestTargetSmdp" file="python/control/unittest/test_target_smdp.py" line="48" name="test_get_server_address" time="0.001"></testcase><testcase classname="python.devices.unittest.test_daq.TestDaq" file="python/devices/unittest/test_daq.py" line="35" name="test_daq_init_and_close" time="0.002"></testcase><testcase classname="python.devices.unittest.test_daq.TestDaq" file="python/devices/unittest/test_daq.py" line="41" name="test_daq_gpio_channel" time="0.001"></testcase><testcase classname="python.devices.unittest.test_daq.TestDaq" file="python/devices/unittest/test_daq.py" line="54" name="test_daq_adc_channel" time="0.004"></testcase><testcase classname="python.devices.unittest.test_daq.TestDaq" file="python/devices/unittest/test_daq.py" line="64" name="test_daq_dac_channel" time="0.055"></testcase><testcase classname="python.forwarding_server.unittest.test_forwarding_server.TestForwardingServer" file="python/forwarding_server/unittest/test_forwarding_server.py" line="129" name="test_basic_forwarding" time="0.002"></testcase><testcase classname="python.forwarding_server.unittest.test_forwarding_server.TestForwardingServer" file="python/forwarding_server/unittest/test_forwarding_server.py" line="148" name="test_receive_invalid_target_data" time="0.002"></testcase><testcase classname="python.forwarding_server.unittest.test_forwarding_server.TestForwardingServer" file="python/forwarding_server/unittest/test_forwarding_server.py" line="167" name="test_receive_target_no_routing_entry" time="0.002"></testcase><testcase classname="python.forwarding_server.unittest.test_forwarding_server.TestForwardingServer" file="python/forwarding_server/unittest/test_forwarding_server.py" line="175" name="test_host_receive_invalid_packet" time="0.003"></testcase><testcase classname="python.forwarding_server.unittest.test_forwarding_server.TestForwardingServer" file="python/forwarding_server/unittest/test_forwarding_server.py" line="189" name="test_host_receive_broken_packet" time="0.012"></testcase><testcase classname="python.forwarding_server.unittest.test_forwarding_server.TestForwardingServer" file="python/forwarding_server/unittest/test_forwarding_server.py" line="211" name="test_host_async_receive" time="0.003"></testcase><testcase classname="python.forwarding_server.unittest.test_forwarding_server.TestForwardingServer" file="python/forwarding_server/unittest/test_forwarding_server.py" line="245" name="test_escape_bytes" time="0.002"></testcase><testcase classname="python.forwarding_server.unittest.test_forwarding_server.TestForwardingServer" file="python/forwarding_server/unittest/test_forwarding_server.py" line="262" name="test_escaped_length" time="0.069"></testcase><testcase classname="python.protocol.iridium_satellite.unittest.test_iridium_satellite_protocol.TestSatelliteProtocol" file="python/protocol/iridium_satellite/unittest/test_iridium_satellite_protocol.py" line="116" name="test_send_raw_packet" time="0.004"></testcase><testcase classname="python.protocol.iridium_satellite.unittest.test_iridium_satellite_protocol.TestSatelliteProtocol" file="python/protocol/iridium_satellite/unittest/test_iridium_satellite_protocol.py" line="121" name="test_send_raw_empty_packet" time="0.004"></testcase><testcase classname="python.protocol.iridium_satellite.unittest.test_iridium_satellite_protocol.TestSatelliteProtocol" file="python/protocol/iridium_satellite/unittest/test_iridium_satellite_protocol.py" line="126" name="test_auto_response" time="5.028"></testcase><testcase classname="python.forwarding_server.unittest.test_forwarding_server.TestForwardingServer" file="python/forwarding_server/unittest/test_forwarding_server.py" line="293" name="test_host_receive_bad_wrapped_packet" time="0.001"></testcase><testcase classname="python.forwarding_server.unittest.test_forwarding_server.TestForwardingServer" file="python/forwarding_server/unittest/test_forwarding_server.py" line="303" name="test_host_receive_unknown_command" time="0.001"></testcase><testcase classname="python.forwarding_server.unittest.test_forwarding_server.TestForwardingServer" file="python/forwarding_server/unittest/test_forwarding_server.py" line="313" name="test_receive_host_no_routing_entry" time="0.001"></testcase><testcase classname="python.forwarding_server.unittest.test_forwarding_server.TestForwardingServer" file="python/forwarding_server/unittest/test_forwarding_server.py" line="323" name="test_receive_host_routing_table" time="0.001"></testcase><testcase classname="python.forwarding_server.unittest.test_forwarding_server.TestForwardingServer" file="python/forwarding_server/unittest/test_forwarding_server.py" line="366" name="test_send_duplicate_routing_table_entries" time="0.003"></testcase><testcase classname="python.protocol.smdp.unittest.test_smdp_sequence_number.TestSmdpSequenceNumbers" file="python/protocol/smdp/unittest/test_smdp_sequence_number.py" line="9" name="test_sequence_number_initial_value" time="0.001"></testcase><testcase classname="python.protocol.smdp.unittest.test_smdp_sequence_number.TestSmdpSequenceNumbers" file="python/protocol/smdp/unittest/test_smdp_sequence_number.py" line="49" name="test_sequence_number_generation" time="0.016"></testcase><testcase classname="python.protocol.smdp.unittest.test_smdp_sequence_number.TestSmdpSequenceNumbers" file="python/protocol/smdp/unittest/test_smdp_sequence_number.py" line="59" name="test_sequence_number_mutation" time="0.006"></testcase><testcase classname="python.protocol.tachosys.unittest.test_tachosys_packet.TestTachosysPacket" file="python/protocol/tachosys/unittest/test_tachosys_packet.py" line="9" name="test_packet_to_bytes" time="0.001"></testcase><testcase classname="python.protocol.tachosys.unittest.test_tachosys_packet.TestTachosysPacket" file="python/protocol/tachosys/unittest/test_tachosys_packet.py" line="24" name="test_invalid_packet_conversion" time="0.001"></testcase><testcase classname="python.protocol.tachosys.unittest.test_tachosys_protocol.TestTachosysProtocol" file="python/protocol/tachosys/unittest/test_tachosys_protocol.py" line="13" name="test_send" time="0.001"></testcase><testcase classname="python.protocol.tachosys.unittest.test_tachosys_protocol.TestTachosysProtocol" file="python/protocol/tachosys/unittest/test_tachosys_protocol.py" line="31" name="test_receive" time="0.503"></testcase><testcase classname="python.protocol.smdp.unittest.test_smdp_protocol.TestSmdpProtocol" file="python/protocol/smdp/unittest/test_smdp_protocol.py" line="190" name="test_receive_stream" time="0.087"></testcase><testcase classname="python.protocol.smdp.unittest.test_smdp_protocol.TestSmdpProtocol" file="python/protocol/smdp/unittest/test_smdp_protocol.py" line="207" name="test_receive_multiple_stream" time="0.079"></testcase><testcase classname="python.protocol.smdp.unittest.test_smdp_protocol.TestSmdpProtocol" file="python/protocol/smdp/unittest/test_smdp_protocol.py" line="214" name="test_receive_garbage_stream" time="0.080"></testcase><testcase classname="python.protocol.smdp.unittest.test_smdp_protocol.TestSmdpProtocol" file="python/protocol/smdp/unittest/test_smdp_protocol.py" line="220" name="test_receive_incomplete_stream" time="0.074"></testcase><testcase classname="python.protocol.tn360.unittest.test_tn360_bpm_it_packet.TestTn360BpmItPacket" file="python/protocol/tn360/unittest/test_tn360_bpm_it_packet.py" line="13" name="test_packet" time="0.134"></testcase><testcase classname="python.protocol.tachosys.unittest.test_tachosys_protocol.TestTachosysProtocol" file="python/protocol/tachosys/unittest/test_tachosys_protocol.py" line="66" name="test_receive_buffer" time="0.052"></testcase><testcase classname="python.protocol.tachosys.unittest.test_tachosys_protocol.TestTachosysProtocol" file="python/protocol/tachosys/unittest/test_tachosys_protocol.py" line="84" name="test_receive_invalid" time="0.052"></testcase><testcase classname="python.protocol.tn360.unittest.test_tn360_ccs_packet.TestTn360CcsPacket" file="python/protocol/tn360/unittest/test_tn360_ccs_packet.py" line="13" name="test_packet" time="0.100"></testcase><testcase classname="python.protocol.tn360.unittest.test_tn360_alarm_packet.TestTn360AlarmPacket" file="python/protocol/tn360/unittest/test_tn360_alarm_packet.py" line="13" name="test_packet" time="0.006"></testcase><testcase classname="python.protocol.tn360.unittest.test_tn360_bpm_ea_packet.TestTn360BpmEaPacket" file="python/protocol/tn360/unittest/test_tn360_bpm_ea_packet.py" line="13" name="test_packet" time="0.015"></testcase><testcase classname="python.protocol.tn360.unittest.test_tn360_bpm_hb_packet.TestTn360BpmHbPacket" file="python/protocol/tn360/unittest/test_tn360_bpm_hb_packet.py" line="13" name="test_packet" time="0.007"></testcase><testcase classname="python.protocol.tn360.unittest.test_tn360_debug_packet.TestTn360DebugPacket" file="python/protocol/tn360/unittest/test_tn360_debug_packet.py" line="13" name="test_packet" time="0.003"></testcase><testcase classname="python.protocol.tn360.unittest.test_tn360_did3_packet.TestTn360Did3Packet" file="python/protocol/tn360/unittest/test_tn360_did3_packet.py" line="14" name="test_packet" time="0.004"></testcase><testcase classname="python.protocol.tn360.unittest.test_tn360_did3_response_packet.TestTn360Did3ResponsePacket" file="python/protocol/tn360/unittest/test_tn360_did3_response_packet.py" line="12" name="test_packet" time="0.004"></testcase><testcase classname="python.protocol.tn360.unittest.test_tn360_edr_packet.TestTn360EdrPacket" file="python/protocol/tn360/unittest/test_tn360_edr_packet.py" line="14" name="test_packet" time="0.004"></testcase><testcase classname="python.protocol.tn360.unittest.test_tn360_emr_packet.TestTn360EmrPacket" file="python/protocol/tn360/unittest/test_tn360_emr_packet.py" line="15" name="test_packet_with_single_optional_data" time="0.003"></testcase><testcase classname="python.protocol.tn360.unittest.test_tn360_emr_packet.TestTn360EmrPacket" file="python/protocol/tn360/unittest/test_tn360_emr_packet.py" line="49" name="test_packet_with_single_optional_data_for_impact" time="0.005"></testcase><testcase classname="python.protocol.tn360.unittest.test_tn360_emr_packet.TestTn360EmrPacket" file="python/protocol/tn360/unittest/test_tn360_emr_packet.py" line="95" name="test_packet_without_optional_data" time="0.004"></testcase><testcase classname="python.protocol.tn360.unittest.test_tn360_emr_packet.TestTn360EmrPacket" file="python/protocol/tn360/unittest/test_tn360_emr_packet.py" line="112" name="test_packet_with_optional_data" time="0.006"></testcase><testcase classname="python.protocol.tn360.unittest.test_tn360_emr_packet.TestTn360EmrPacket" file="python/protocol/tn360/unittest/test_tn360_emr_packet.py" line="207" name="test_packet_with_multiple_lead_in_lead_out" time="0.020"></testcase><testcase classname="python.protocol.tn360.unittest.test_tn360_ems_packet.TestTn360EmsPacket" file="python/protocol/tn360/unittest/test_tn360_ems_packet.py" line="13" name="test_packet" time="0.004"></testcase><testcase classname="python.protocol.tn360.unittest.test_tn360_config_packet.TestTn360ConfigPacket" file="python/protocol/tn360/unittest/test_tn360_config_packet.py" line="13" name="test_packet" time="0.109"></testcase><testcase classname="python.protocol.tn360.unittest.test_tn360_esr_packet.TestTn360EsrPacket" file="python/protocol/tn360/unittest/test_tn360_esr_packet.py" line="13" name="test_packet" time="0.003"></testcase><testcase classname="python.protocol.tn360.unittest.test_tn360_general_telemetry_packet.TestTn360GeneralTelemetryPacket" file="python/protocol/tn360/unittest/test_tn360_general_telemetry_packet.py" line="13" name="test_packet" time="0.004"></testcase><testcase classname="python.protocol.tn360.unittest.test_tn360_generic_packet.TestTn360GenericPacket" file="python/protocol/tn360/unittest/test_tn360_generic_packet.py" line="11" name="test_packet" time="0.005"></testcase><testcase classname="python.protocol.tn360.unittest.test_tn360_heli_packet.TestTn360HeliPacket" file="python/protocol/tn360/unittest/test_tn360_heli_packet.py" line="13" name="test_packet_with_one_entry" time="0.003"></testcase><testcase classname="python.protocol.tn360.unittest.test_tn360_info_packet.TestTn360InfoPacket" file="python/protocol/tn360/unittest/test_tn360_info_packet.py" line="13" name="test_packet" time="0.004"></testcase><testcase classname="python.protocol.tn360.unittest.test_tn360_info_packet.TestTn360InfoPacket" file="python/protocol/tn360/unittest/test_tn360_info_packet.py" line="46" name="test_one_wire_packet" time="0.003"></testcase><testcase classname="python.protocol.tn360.unittest.test_tn360_ior_packet.TestTn360IorPacket" file="python/protocol/tn360/unittest/test_tn360_ior_packet.py" line="14" name="test_ignition_on" time="0.003"></testcase><testcase classname="python.protocol.tn360.unittest.test_tn360_ior_packet.TestTn360IorPacket" file="python/protocol/tn360/unittest/test_tn360_ior_packet.py" line="47" name="test_ignition_off" time="0.003"></testcase><testcase classname="python.protocol.tn360.unittest.test_tn360_mdm_packet.TestTn360MdmPacket" file="python/protocol/tn360/unittest/test_tn360_mdm_packet.py" line="12" name="test_packet_helicopter" time="0.073"></testcase><testcase classname="python.protocol.tn360.unittest.test_tn360_mdm_packet.TestTn360MdmPacket" file="python/protocol/tn360/unittest/test_tn360_mdm_packet.py" line="33" name="test_packet_ping" time="0.003"></testcase><testcase classname="python.protocol.tn360.unittest.test_tn360_mdm_response_packet.TestTn360MdmResponsePacket" file="python/protocol/tn360/unittest/test_tn360_mdm_response_packet.py" line="12" name="test_mdm_response_packet" time="0.003"></testcase><testcase classname="python.protocol.tn360.unittest.test_tn360_mnavmsg_packet.TestTn360MnavmsgPacket" file="python/protocol/tn360/unittest/test_tn360_mnavmsg_packet.py" line="14" name="test_packet" time="0.003"></testcase><testcase classname="python.protocol.tn360.unittest.test_tn360_movement_packet.TestTn360MovementPacket" file="python/protocol/tn360/unittest/test_tn360_movement_packet.py" line="14" name="test_packet" time="0.004"></testcase><testcase classname="python.protocol.tn360.unittest.test_tn360_pr2_packet.TestTn360Pr2Packet" file="python/protocol/tn360/unittest/test_tn360_pr2_packet.py" line="13" name="test_packet" time="0.006"></testcase><testcase classname="python.protocol.tn360.unittest.test_tn360_config_packet.TestTn360ConfigPacket" file="python/protocol/tn360/unittest/test_tn360_config_packet.py" line="42" name="test_packet_without_optional_fields" time="0.100"></testcase><testcase classname="python.protocol.tn360.unittest.test_tn360_pr2_packet.TestTn360Pr2Packet" file="python/protocol/tn360/unittest/test_tn360_pr2_packet.py" line="50" name="test_packet_with_optional_fields" time="0.007"></testcase><testcase classname="python.protocol.tn360.unittest.test_tn360_pr2_packet.TestTn360Pr2Packet" file="python/protocol/tn360/unittest/test_tn360_pr2_packet.py" line="92" name="test_packet_with_null_fields" time="0.004"></testcase><testcase classname="python.protocol.tn360.unittest.test_tn360_protocol.TestTn360GenericPacket" file="python/protocol/tn360/unittest/test_tn360_protocol.py" line="13" name="test_receive_type" time="0.005"></testcase><testcase classname="python.protocol.tn360.unittest.test_tn360_protocol.TestTn360GenericPacket" file="python/protocol/tn360/unittest/test_tn360_protocol.py" line="64" name="test_history" time="0.059"></testcase><testcase classname="python.protocol.tn360.unittest.test_tn360_reg_packet.TestTn360RegPacket" file="python/protocol/tn360/unittest/test_tn360_reg_packet.py" line="13" name="test_packet" time="0.003"></testcase><testcase classname="python.protocol.tn360.unittest.test_tn360_satdiag_packet.TestTn360SatDiagPacket" file="python/protocol/tn360/unittest/test_tn360_satdiag_packet.py" line="13" name="test_packet" time="0.003"></testcase><testcase classname="python.protocol.tn360.unittest.test_tn360_csr_message_packet.TestTn360CsrMessagePacket" file="python/protocol/tn360/unittest/test_tn360_csr_message_packet.py" line="13" name="test_packet_ignition_off_battery_is_charging" time="0.095"></testcase><testcase classname="python.protocol.tn360.unittest.test_tn360_sum_packet.TestTn360SumPacket" file="python/protocol/tn360/unittest/test_tn360_sum_packet.py" line="16" name="test_packet" time="0.004"></testcase><testcase classname="python.protocol.tn360.unittest.test_tn360_sum_packet.TestTn360SumPacket" file="python/protocol/tn360/unittest/test_tn360_sum_packet.py" line="69" name="test_packet_not_ok" time="0.004"></testcase><testcase classname="python.protocol.tn360.unittest.test_tn360_sum_packet.TestTn360SumPacket" file="python/protocol/tn360/unittest/test_tn360_sum_packet.py" line="122" name="test_packet_with_vpm_data" time="0.004"></testcase><testcase classname="python.protocol.tn360.unittest.test_tn360_sum_packet.TestTn360SumPacket" file="python/protocol/tn360/unittest/test_tn360_sum_packet.py" line="213" name="test_packet_with_end_of_trip_data" time="0.004"></testcase><testcase classname="python.protocol.tn360.unittest.test_tn360_sum_packet.TestTn360SumPacket" file="python/protocol/tn360/unittest/test_tn360_sum_packet.py" line="338" name="test_packet_sherlock_with_vpm_data" time="0.006"></testcase><testcase classname="python.protocol.tn360.unittest.test_tn360_vcm_packet.TestTn360VcmPacket" file="python/protocol/tn360/unittest/test_tn360_vcm_packet.py" line="24" name="test_packet_without_optional_data" time="0.004"></testcase><testcase classname="python.protocol.tn360.unittest.test_tn360_vcm_packet.TestTn360VcmPacket" file="python/protocol/tn360/unittest/test_tn360_vcm_packet.py" line="68" name="test_packet_with_optional_data" time="0.003"></testcase><testcase classname="python.protocol.tn360.unittest.test_tn360_vcm_packet.TestTn360VcmPacket" file="python/protocol/tn360/unittest/test_tn360_vcm_packet.py" line="125" name="test_packet_with_j1708_data" time="0.003"></testcase><testcase classname="python.protocol.tn360.unittest.test_tn360_vcm_packet.TestTn360VcmPacket" file="python/protocol/tn360/unittest/test_tn360_vcm_packet.py" line="168" name="test_packet_sherlock_vcm" time="0.004"></testcase><testcase classname="python.simulator.simulator_hal.unittest.test_simulated_flash.TestSimulatedFlash" file="python/simulator/simulator_hal/unittest/test_simulated_flash.py" line="23" name="test_invalid_init_parameters" time="0.001"></testcase><testcase classname="python.simulator.simulator_hal.unittest.test_simulated_flash.TestSimulatedFlash" file="python/simulator/simulator_hal/unittest/test_simulated_flash.py" line="34" name="test_valid_init_parameters" time="0.001"></testcase><testcase classname="python.simulator.simulator_hal.unittest.test_simulated_flash.TestSimulatedFlash" file="python/simulator/simulator_hal/unittest/test_simulated_flash.py" line="45" name="test_erased_on_init" time="0.001"></testcase><testcase classname="python.simulator.simulator_hal.unittest.test_simulated_flash.TestSimulatedFlash" file="python/simulator/simulator_hal/unittest/test_simulated_flash.py" line="50" name="test_read_write" time="0.001"></testcase><testcase classname="python.simulator.simulator_hal.unittest.test_simulated_flash.TestSimulatedFlash" file="python/simulator/simulator_hal/unittest/test_simulated_flash.py" line="62" name="test_read_parameters" time="0.001"></testcase><testcase classname="python.simulator.simulator_hal.unittest.test_simulated_flash.TestSimulatedFlash" file="python/simulator/simulator_hal/unittest/test_simulated_flash.py" line="101" name="test_erase_sector_parameters" time="0.001"></testcase><testcase classname="python.simulator.simulator_hal.unittest.test_ubx_message.TestUbxMessage" file="python/simulator/simulator_hal/unittest/test_ubx_message.py" line="9" name="test_pvt_message" time="0.001"></testcase><testcase classname="python.simulator.simulator_hal.unittest.test_ubx_message.TestUbxMessage" file="python/simulator/simulator_hal/unittest/test_ubx_message.py" line="38" name="test_dop_message" time="0.001"></testcase><testcase classname="python.simulator.simulator_link.unittest.test_simulator_link.TestSimulatorLink" file="python/simulator/simulator_link/unittest/test_simulator_link.py" line="16" name="test_receive_non_json" time="0.007"></testcase><testcase classname="python.simulator.simulator_link.unittest.test_simulator_link.TestSimulatorLink" file="python/simulator/simulator_link/unittest/test_simulator_link.py" line="32" name="test_receive_function_call_message" time="0.004"></testcase><testcase classname="python.simulator.simulator_link.unittest.test_simulator_link.TestSimulatorLink" file="python/simulator/simulator_link/unittest/test_simulator_link.py" line="54" name="test_receive_unsupported_function_call" time="0.002"></testcase><testcase classname="python.simulator.simulator_link.unittest.test_simulator_link.TestSimulatorLink" file="python/simulator/simulator_link/unittest/test_simulator_link.py" line="71" name="test_call_remote_function_timeout" time="1.003"></testcase><testcase classname="python.protocol.tn360.unittest.test_tn360_csr_message_packet.TestTn360CsrMessagePacket" file="python/protocol/tn360/unittest/test_tn360_csr_message_packet.py" line="49" name="test_packet_ignition_on_battery_is_not_charging" time="0.358"></testcase><testcase classname="python.simulator.simulator_hal.unittest.test_simulated_flash.TestSimulatedFlash" file="python/simulator/simulator_hal/unittest/test_simulated_flash.py" line="78" name="test_write_parameters" time="0.083"></testcase><testcase classname="python.simulator.simulator_hal.unittest.test_simulated_flash.TestSimulatedFlash" file="python/simulator/simulator_hal/unittest/test_simulated_flash.py" line="94" name="test_erase_sector_operation" time="0.099"></testcase><testcase classname="python.simulator.simulator_link.unittest.test_simulator_link.TestSimulatorLink" file="python/simulator/simulator_link/unittest/test_simulator_link.py" line="120" name="test_call_remote_function" time="0.089"></testcase><testcase classname="python.simulator.simulator_link.unittest.test_simulator_link.TestSimulatorLink" file="python/simulator/simulator_link/unittest/test_simulator_link.py" line="145" name="test_call_remote_function_bad_return_sequence_number" time="0.102"></testcase><testcase classname="python.simulator.simulator_link.unittest.test_simulator_link_protocol.TestSimulatorLinkProtocol" file="python/simulator/simulator_link/unittest/test_simulator_link_protocol.py" line="99" name="test_send_return" time="0.076"></testcase><testcase classname="python.simulator.simulator_link.unittest.test_simulator_link_protocol.TestSimulatorLinkProtocol" file="python/simulator/simulator_link/unittest/test_simulator_link_protocol.py" line="119" name="test_send" time="0.094"></testcase><testcase classname="python.simulator.simulator_link.unittest.test_simulator_link_protocol.TestSimulatorLinkProtocol" file="python/simulator/simulator_link/unittest/test_simulator_link_protocol.py" line="140" name="test_send_invalid_options" time="0.069"></testcase><testcase classname="python.simulator.simulator_link.unittest.test_simulator_link.TestSimulatorLink" file="python/simulator/simulator_link/unittest/test_simulator_link.py" line="93" name="test_call_remote_function_timeout_and_application_state_change" time="1.002"></testcase><testcase classname="python.simulator.simulator_link.unittest.test_simulator_link_protocol.TestSimulatorLinkProtocol" file="python/simulator/simulator_link/unittest/test_simulator_link_protocol.py" line="157" name="test_receive_return" time="0.099"></testcase><testcase classname="python.simulator.simulator_link.unittest.test_simulator_link_protocol.TestSimulatorLinkProtocol" file="python/simulator/simulator_link/unittest/test_simulator_link_protocol.py" line="203" name="test_receive_multiple" time="0.526"></testcase><testcase classname="python.protocol.smdp.unittest.test_smdp_packet.TestSmdpPacket" file="python/protocol/smdp/unittest/test_smdp_packet.py" line="8" name="test_packet_field_equality" time="0.001"></testcase><testcase classname="python.protocol.smdp.unittest.test_smdp_packet.TestSmdpPacket" file="python/protocol/smdp/unittest/test_smdp_packet.py" line="59" name="test_smdp_packet_fields" time="0.001"></testcase><testcase classname="python.protocol.smdp.unittest.test_smdp_packet.TestSmdpPacket" file="python/protocol/smdp/unittest/test_smdp_packet.py" line="64" name="test_smdp_packet_fields_from_bytes" time="0.001"></testcase><testcase classname="python.protocol.smdp.unittest.test_smdp_packet.TestSmdpPacket" file="python/protocol/smdp/unittest/test_smdp_packet.py" line="73" name="test_smdp_packet_fields_from_invalid_bytes" time="0.001"></testcase><testcase classname="python.protocol.smdp.unittest.test_smdp_packet.TestSmdpPacket" file="python/protocol/smdp/unittest/test_smdp_packet.py" line="91" name="test_smdp_packet_from_bytes" time="0.001"></testcase><testcase classname="python.protocol.smdp.unittest.test_smdp_packet.TestSmdpPacket" file="python/protocol/smdp/unittest/test_smdp_packet.py" line="97" name="test_smdp_packet_from_fields" time="0.001"></testcase><testcase classname="python.protocol.smdp.unittest.test_smdp_packet.TestSmdpPacket" file="python/protocol/smdp/unittest/test_smdp_packet.py" line="104" name="test_smdp_packet_constructors" time="0.001"></testcase><testcase classname="python.simulator.simulator_link.unittest.test_simulator_link_protocol.TestSimulatorLinkProtocol" file="python/simulator/simulator_link/unittest/test_simulator_link_protocol.py" line="256" name="test_receive_wrapped_checksum" time="0.978"></testcase><testcase classname="python.simulator.simulator_link.unittest.test_simulator_link_protocol.TestSimulatorLinkProtocol" file="python/simulator/simulator_link/unittest/test_simulator_link_protocol.py" line="237" name="test_receive_bad_packets" time="1.168"></testcase><testcase classname="python.simulator.simulator_link.unittest.test_simulator_link_protocol.TestSimulatorLinkProtocol" file="python/simulator/simulator_link/unittest/test_simulator_link_protocol.py" line="177" name="test_receive_return_split" time="0.012"></testcase><testcase classname="python.simulator.unittest.test_simulator_target.TestSimulatorTarget" file="python/simulator/unittest/test_simulator_target.py" line="112" name="test_start_stop_application_stdout_dump" time="2.774"></testcase><testcase classname="python.simulator.unittest.test_simulator_target.TestSimulatorTarget" file="python/simulator/unittest/test_simulator_target.py" line="42" name="test_start_stop_application" time="2.653"></testcase><testcase classname="python.simulator.unittest.test_simulator_target.TestSimulatorTarget" file="python/simulator/unittest/test_simulator_target.py" line="74" name="test_change_application" time="2.525"></testcase><testcase classname="python.protocol.iridium_satellite.unittest.test_iridium_satellite_protocol.TestSatelliteProtocol" file="python/protocol/iridium_satellite/unittest/test_iridium_satellite_protocol.py" line="134" name="test_suppress_auto_response" time="5.011"></testcase><testcase classname="python.unittest.test_fixture.TestFixture" file="python/unittest/test_fixture.py" line="242" name="test_setup_simulator" time="0.063"></testcase><testcase classname="python.unittest.test_fixture.TestFixture" file="python/unittest/test_fixture.py" line="19" name="test_setup_teardown" time="0.072"></testcase><testcase classname="python.protocol.smdp.unittest.test_smdp_protocol.TestSmdpProtocol" file="python/protocol/smdp/unittest/test_smdp_protocol.py" line="227" name="test_receive_empty_packet" time="0.009"></testcase><testcase classname="python.protocol.smdp.unittest.test_smdp_protocol.TestSmdpProtocol" file="python/protocol/smdp/unittest/test_smdp_protocol.py" line="233" name="test_send_raw_packet" time="0.002"></testcase><testcase classname="python.protocol.smdp.unittest.test_smdp_protocol.TestSmdpProtocol" file="python/protocol/smdp/unittest/test_smdp_protocol.py" line="238" name="test_send_raw_empty_packet" time="0.002"></testcase><testcase classname="python.protocol.smdp.unittest.test_smdp_protocol.TestSmdpProtocol" file="python/protocol/smdp/unittest/test_smdp_protocol.py" line="243" name="test_send_different_formats" time="0.003"></testcase><testcase classname="python.protocol.smdp.unittest.test_smdp_protocol.TestSmdpProtocol" file="python/protocol/smdp/unittest/test_smdp_protocol.py" line="259" name="test_send_with_auto_line_termination" time="0.002"></testcase><testcase classname="python.protocol.smdp.unittest.test_smdp_protocol.TestSmdpProtocolSharedReceiveFilter" file="python/protocol/smdp/unittest/test_smdp_protocol.py" line="327" name="test_basic_receive" time="0.002"></testcase><testcase classname="python.protocol.smdp.unittest.test_smdp_protocol.TestSmdpProtocolSharedReceiveFilter" file="python/protocol/smdp/unittest/test_smdp_protocol.py" line="331" name="test_receive_different_packet" time="1.015"></testcase><testcase classname="python.protocol.smdp.unittest.test_smdp_protocol.TestSmdpProtocolSharedReceiveFilter" file="python/protocol/smdp/unittest/test_smdp_protocol.py" line="335" name="test_receive_multiple_packets" time="0.003"></testcase><testcase classname="python.protocol.smdp.unittest.test_smdp_protocol.TestSmdpProtocolSharedReceiveFilter" file="python/protocol/smdp/unittest/test_smdp_protocol.py" line="339" name="test_receive_nothing" time="1.005"></testcase></testsuite></testsuites>